{"/home/ahmadzp/phase3/week1/firebase/react-challenge/client/src/components/DetailCard.jsx": {"path":"/home/ahmadzp/phase3/week1/firebase/react-challenge/client/src/components/DetailCard.jsx","statementMap":{"0":{"start":{"line":8,"column":23},"end":{"line":8,"column":77}},"1":{"start":{"line":8,"column":46},"end":{"line":8,"column":76}},"2":{"start":{"line":9,"column":4},"end":{"line":37,"column":5}}},"fnMap":{"0":{"name":"DetailCard","decl":{"start":{"line":7,"column":9},"end":{"line":7,"column":19}},"loc":{"start":{"line":7,"column":22},"end":{"line":38,"column":1}},"line":7},"1":{"name":"(anonymous_1)","decl":{"start":{"line":8,"column":35},"end":{"line":8,"column":36}},"loc":{"start":{"line":8,"column":46},"end":{"line":8,"column":76}},"line":8}},"branchMap":{"0":{"loc":{"start":{"line":12,"column":16},"end":{"line":34,"column":22}},"type":"cond-expr","locations":[{"start":{"line":13,"column":20},"end":{"line":29,"column":27}},{"start":{"line":31,"column":20},"end":{"line":34,"column":22}}],"line":12}},"s":{"0":4,"1":9,"2":4},"f":{"0":4,"1":9},"b":{"0":[3,1]},"_coverageSchema":"43e27e138ebf9cfc5966b082cf9a028302ed4184","hash":"20aa860f30e9a4a6815f20731af133b2a76081f9"}
,"/home/ahmadzp/phase3/week1/firebase/react-challenge/client/src/components/ItemCardDeck.jsx": {"path":"/home/ahmadzp/phase3/week1/firebase/react-challenge/client/src/components/ItemCardDeck.jsx","statementMap":{"0":{"start":{"line":7,"column":8},"end":{"line":20,"column":9}},"1":{"start":{"line":13,"column":51},"end":{"line":13,"column":91}}},"fnMap":{"0":{"name":"(anonymous_0)","decl":{"start":{"line":6,"column":4},"end":{"line":6,"column":5}},"loc":{"start":{"line":6,"column":13},"end":{"line":21,"column":5}},"line":6},"1":{"name":"(anonymous_1)","decl":{"start":{"line":13,"column":43},"end":{"line":13,"column":44}},"loc":{"start":{"line":13,"column":49},"end":{"line":13,"column":93}},"line":13}},"branchMap":{},"s":{"0":9,"1":1},"f":{"0":9,"1":1},"b":{},"_coverageSchema":"43e27e138ebf9cfc5966b082cf9a028302ed4184","hash":"85c6c24321dcb7bc5616ef230d1ab687e0a12a33"}
,"/home/ahmadzp/phase3/week1/firebase/react-challenge/client/src/components/ListCardDeck.jsx": {"path":"/home/ahmadzp/phase3/week1/firebase/react-challenge/client/src/components/ListCardDeck.jsx","statementMap":{"0":{"start":{"line":6,"column":24},"end":{"line":6,"column":76}},"1":{"start":{"line":6,"column":47},"end":{"line":6,"column":75}},"2":{"start":{"line":7,"column":38},"end":{"line":7,"column":50}},"3":{"start":{"line":9,"column":4},"end":{"line":19,"column":10}},"4":{"start":{"line":10,"column":30},"end":{"line":14,"column":9}},"5":{"start":{"line":11,"column":12},"end":{"line":13,"column":13}},"6":{"start":{"line":12,"column":16},"end":{"line":12,"column":57}},"7":{"start":{"line":12,"column":42},"end":{"line":12,"column":56}},"8":{"start":{"line":15,"column":8},"end":{"line":15,"column":56}},"9":{"start":{"line":16,"column":8},"end":{"line":18,"column":9}},"10":{"start":{"line":17,"column":12},"end":{"line":17,"column":63}},"11":{"start":{"line":21,"column":4},"end":{"line":36,"column":5}},"12":{"start":{"line":25,"column":20},"end":{"line":27,"column":21}}},"fnMap":{"0":{"name":"ListCardDeck","decl":{"start":{"line":5,"column":9},"end":{"line":5,"column":21}},"loc":{"start":{"line":5,"column":29},"end":{"line":37,"column":1}},"line":5},"1":{"name":"(anonymous_1)","decl":{"start":{"line":6,"column":36},"end":{"line":6,"column":37}},"loc":{"start":{"line":6,"column":47},"end":{"line":6,"column":75}},"line":6},"2":{"name":"(anonymous_2)","decl":{"start":{"line":9,"column":14},"end":{"line":9,"column":15}},"loc":{"start":{"line":9,"column":20},"end":{"line":19,"column":5}},"line":9},"3":{"name":"(anonymous_3)","decl":{"start":{"line":10,"column":30},"end":{"line":10,"column":31}},"loc":{"start":{"line":10,"column":36},"end":{"line":14,"column":9}},"line":10},"4":{"name":"(anonymous_4)","decl":{"start":{"line":12,"column":29},"end":{"line":12,"column":30}},"loc":{"start":{"line":12,"column":42},"end":{"line":12,"column":56}},"line":12},"5":{"name":"(anonymous_5)","decl":{"start":{"line":16,"column":15},"end":{"line":16,"column":16}},"loc":{"start":{"line":16,"column":21},"end":{"line":18,"column":9}},"line":16},"6":{"name":"(anonymous_6)","decl":{"start":{"line":24,"column":52},"end":{"line":24,"column":53}},"loc":{"start":{"line":24,"column":60},"end":{"line":28,"column":17}},"line":24}},"branchMap":{"0":{"loc":{"start":{"line":11,"column":12},"end":{"line":13,"column":13}},"type":"if","locations":[{"start":{"line":11,"column":12},"end":{"line":13,"column":13}},{"start":{"line":11,"column":12},"end":{"line":13,"column":13}}],"line":11},"1":{"loc":{"start":{"line":32,"column":20},"end":{"line":32,"column":67}},"type":"cond-expr","locations":[{"start":{"line":32,"column":40},"end":{"line":32,"column":42}},{"start":{"line":32,"column":45},"end":{"line":32,"column":67}}],"line":32}},"s":{"0":10,"1":28,"2":10,"3":10,"4":9,"5":0,"6":0,"7":0,"8":9,"9":9,"10":9,"11":10,"12":9},"f":{"0":10,"1":28,"2":9,"3":0,"4":0,"5":9,"6":9},"b":{"0":[0,0],"1":[0,10]},"_coverageSchema":"43e27e138ebf9cfc5966b082cf9a028302ed4184","hash":"50a8875ff08345c38e5118bd85f62ca030b5fe52"}
,"/home/ahmadzp/phase3/week1/firebase/react-challenge/client/src/components/Loading.jsx": {"path":"/home/ahmadzp/phase3/week1/firebase/react-challenge/client/src/components/Loading.jsx","statementMap":{"0":{"start":{"line":6,"column":8},"end":{"line":15,"column":9}}},"fnMap":{"0":{"name":"(anonymous_0)","decl":{"start":{"line":5,"column":4},"end":{"line":5,"column":5}},"loc":{"start":{"line":5,"column":13},"end":{"line":16,"column":5}},"line":5}},"branchMap":{},"s":{"0":11},"f":{"0":11},"b":{},"_coverageSchema":"43e27e138ebf9cfc5966b082cf9a028302ed4184","hash":"12e29a747b4b28230e271e75c46b006a6294f531"}
,"/home/ahmadzp/phase3/week1/firebase/react-challenge/client/src/components/MyCardDetail.jsx": {"path":"/home/ahmadzp/phase3/week1/firebase/react-challenge/client/src/components/MyCardDetail.jsx","statementMap":{"0":{"start":{"line":11,"column":21},"end":{"line":11,"column":34}},"1":{"start":{"line":12,"column":19},"end":{"line":12,"column":30}},"2":{"start":{"line":13,"column":23},"end":{"line":13,"column":77}},"3":{"start":{"line":13,"column":46},"end":{"line":13,"column":76}},"4":{"start":{"line":15,"column":4},"end":{"line":17,"column":29}},"5":{"start":{"line":16,"column":8},"end":{"line":16,"column":42}},"6":{"start":{"line":19,"column":24},"end":{"line":21,"column":5}},"7":{"start":{"line":20,"column":8},"end":{"line":20,"column":58}},"8":{"start":{"line":23,"column":4},"end":{"line":58,"column":5}},"9":{"start":{"line":46,"column":92},"end":{"line":46,"column":118}}},"fnMap":{"0":{"name":"MyCardDetail","decl":{"start":{"line":10,"column":9},"end":{"line":10,"column":21}},"loc":{"start":{"line":10,"column":24},"end":{"line":59,"column":1}},"line":10},"1":{"name":"(anonymous_1)","decl":{"start":{"line":13,"column":35},"end":{"line":13,"column":36}},"loc":{"start":{"line":13,"column":46},"end":{"line":13,"column":76}},"line":13},"2":{"name":"(anonymous_2)","decl":{"start":{"line":15,"column":14},"end":{"line":15,"column":15}},"loc":{"start":{"line":15,"column":20},"end":{"line":17,"column":5}},"line":15},"3":{"name":"(anonymous_3)","decl":{"start":{"line":19,"column":24},"end":{"line":19,"column":25}},"loc":{"start":{"line":19,"column":34},"end":{"line":21,"column":5}},"line":19},"4":{"name":"(anonymous_4)","decl":{"start":{"line":46,"column":84},"end":{"line":46,"column":85}},"loc":{"start":{"line":46,"column":90},"end":{"line":46,"column":120}},"line":46}},"branchMap":{"0":{"loc":{"start":{"line":26,"column":16},"end":{"line":55,"column":31}},"type":"cond-expr","locations":[{"start":{"line":27,"column":20},"end":{"line":53,"column":27}},{"start":{"line":55,"column":20},"end":{"line":55,"column":31}}],"line":26}},"s":{"0":4,"1":4,"2":4,"3":9,"4":4,"5":2,"6":4,"7":1,"8":4,"9":1},"f":{"0":4,"1":9,"2":2,"3":1,"4":1},"b":{"0":[4,0]},"_coverageSchema":"43e27e138ebf9cfc5966b082cf9a028302ed4184","hash":"7a36967ae38abd3adba8be907564e0aba9a63c46"}
,"/home/ahmadzp/phase3/week1/firebase/react-challenge/client/src/components/MyFavoriteCard.jsx": {"path":"/home/ahmadzp/phase3/week1/firebase/react-challenge/client/src/components/MyFavoriteCard.jsx","statementMap":{"0":{"start":{"line":8,"column":21},"end":{"line":8,"column":34}},"1":{"start":{"line":9,"column":25},"end":{"line":9,"column":83}},"2":{"start":{"line":9,"column":48},"end":{"line":9,"column":82}},"3":{"start":{"line":11,"column":27},"end":{"line":13,"column":5}},"4":{"start":{"line":12,"column":8},"end":{"line":12,"column":61}},"5":{"start":{"line":15,"column":4},"end":{"line":37,"column":5}},"6":{"start":{"line":19,"column":20},"end":{"line":33,"column":21}},"7":{"start":{"line":28,"column":91},"end":{"line":28,"column":114}}},"fnMap":{"0":{"name":"MyFavoriteCard","decl":{"start":{"line":7,"column":9},"end":{"line":7,"column":23}},"loc":{"start":{"line":7,"column":26},"end":{"line":38,"column":1}},"line":7},"1":{"name":"(anonymous_1)","decl":{"start":{"line":9,"column":37},"end":{"line":9,"column":38}},"loc":{"start":{"line":9,"column":48},"end":{"line":9,"column":82}},"line":9},"2":{"name":"(anonymous_2)","decl":{"start":{"line":11,"column":27},"end":{"line":11,"column":28}},"loc":{"start":{"line":11,"column":39},"end":{"line":13,"column":5}},"line":11},"3":{"name":"(anonymous_3)","decl":{"start":{"line":18,"column":33},"end":{"line":18,"column":34}},"loc":{"start":{"line":18,"column":41},"end":{"line":34,"column":17}},"line":18},"4":{"name":"(anonymous_4)","decl":{"start":{"line":28,"column":83},"end":{"line":28,"column":84}},"loc":{"start":{"line":28,"column":89},"end":{"line":28,"column":116}},"line":28}},"branchMap":{},"s":{"0":2,"1":2,"2":4,"3":2,"4":1,"5":2,"6":1,"7":1},"f":{"0":2,"1":4,"2":1,"3":1,"4":1},"b":{},"_coverageSchema":"43e27e138ebf9cfc5966b082cf9a028302ed4184","hash":"11e12fd94afa53bee29be2244534f5c83b88fe74"}
,"/home/ahmadzp/phase3/week1/firebase/react-challenge/client/src/components/NavbarHome.jsx": {"path":"/home/ahmadzp/phase3/week1/firebase/react-challenge/client/src/components/NavbarHome.jsx","statementMap":{"0":{"start":{"line":13,"column":21},"end":{"line":13,"column":34}},"1":{"start":{"line":14,"column":24},"end":{"line":14,"column":76}},"2":{"start":{"line":14,"column":47},"end":{"line":14,"column":75}},"3":{"start":{"line":16,"column":25},"end":{"line":28,"column":5}},"4":{"start":{"line":17,"column":8},"end":{"line":27,"column":9}},"5":{"start":{"line":18,"column":26},"end":{"line":18,"column":51}},"6":{"start":{"line":19,"column":31},"end":{"line":21,"column":14}},"7":{"start":{"line":20,"column":16},"end":{"line":20,"column":45}},"8":{"start":{"line":22,"column":12},"end":{"line":22,"column":73}},"9":{"start":{"line":23,"column":12},"end":{"line":23,"column":63}},"10":{"start":{"line":24,"column":12},"end":{"line":24,"column":38}},"11":{"start":{"line":26,"column":12},"end":{"line":26,"column":34}},"12":{"start":{"line":30,"column":26},"end":{"line":36,"column":5}},"13":{"start":{"line":31,"column":8},"end":{"line":35,"column":14}},"14":{"start":{"line":33,"column":16},"end":{"line":33,"column":64}},"15":{"start":{"line":34,"column":16},"end":{"line":34,"column":41}},"16":{"start":{"line":38,"column":27},"end":{"line":41,"column":5}},"17":{"start":{"line":39,"column":8},"end":{"line":39,"column":30}},"18":{"start":{"line":40,"column":8},"end":{"line":40,"column":49}},"19":{"start":{"line":43,"column":22},"end":{"line":45,"column":5}},"20":{"start":{"line":44,"column":8},"end":{"line":44,"column":30}},"21":{"start":{"line":47,"column":4},"end":{"line":92,"column":5}}},"fnMap":{"0":{"name":"NavbarHome","decl":{"start":{"line":12,"column":9},"end":{"line":12,"column":19}},"loc":{"start":{"line":12,"column":27},"end":{"line":93,"column":1}},"line":12},"1":{"name":"(anonymous_1)","decl":{"start":{"line":14,"column":36},"end":{"line":14,"column":37}},"loc":{"start":{"line":14,"column":47},"end":{"line":14,"column":75}},"line":14},"2":{"name":"(anonymous_2)","decl":{"start":{"line":16,"column":25},"end":{"line":16,"column":26}},"loc":{"start":{"line":16,"column":32},"end":{"line":28,"column":5}},"line":16},"3":{"name":"(anonymous_3)","decl":{"start":{"line":19,"column":50},"end":{"line":19,"column":51}},"loc":{"start":{"line":19,"column":58},"end":{"line":21,"column":13}},"line":19},"4":{"name":"(anonymous_4)","decl":{"start":{"line":30,"column":26},"end":{"line":30,"column":27}},"loc":{"start":{"line":30,"column":32},"end":{"line":36,"column":5}},"line":30},"5":{"name":"(anonymous_5)","decl":{"start":{"line":32,"column":18},"end":{"line":32,"column":19}},"loc":{"start":{"line":32,"column":32},"end":{"line":35,"column":13}},"line":32},"6":{"name":"(anonymous_6)","decl":{"start":{"line":38,"column":27},"end":{"line":38,"column":28}},"loc":{"start":{"line":38,"column":36},"end":{"line":41,"column":5}},"line":38},"7":{"name":"(anonymous_7)","decl":{"start":{"line":43,"column":22},"end":{"line":43,"column":23}},"loc":{"start":{"line":43,"column":28},"end":{"line":45,"column":5}},"line":43}},"branchMap":{"0":{"loc":{"start":{"line":17,"column":8},"end":{"line":27,"column":9}},"type":"if","locations":[{"start":{"line":17,"column":8},"end":{"line":27,"column":9}},{"start":{"line":17,"column":8},"end":{"line":27,"column":9}}],"line":17}},"s":{"0":11,"1":11,"2":39,"3":11,"4":0,"5":0,"6":0,"7":0,"8":0,"9":0,"10":0,"11":0,"12":11,"13":1,"14":1,"15":1,"16":11,"17":0,"18":0,"19":11,"20":1,"21":11},"f":{"0":11,"1":39,"2":0,"3":0,"4":1,"5":1,"6":0,"7":1},"b":{"0":[0,0]},"_coverageSchema":"43e27e138ebf9cfc5966b082cf9a028302ed4184","hash":"b167975feb0c94f5bf1008083cf8bd68c5673f2a"}
,"/home/ahmadzp/phase3/week1/firebase/react-challenge/client/src/hooks/useDetailCard.jsx": {"path":"/home/ahmadzp/phase3/week1/firebase/react-challenge/client/src/hooks/useDetailCard.jsx","statementMap":{"0":{"start":{"line":5,"column":21},"end":{"line":5,"column":34}},"1":{"start":{"line":6,"column":22},"end":{"line":11,"column":5}},"2":{"start":{"line":7,"column":8},"end":{"line":10,"column":14}},"3":{"start":{"line":9,"column":16},"end":{"line":9,"column":64}},"4":{"start":{"line":12,"column":4},"end":{"line":12,"column":20}}},"fnMap":{"0":{"name":"useDetailCard","decl":{"start":{"line":4,"column":9},"end":{"line":4,"column":22}},"loc":{"start":{"line":4,"column":25},"end":{"line":13,"column":1}},"line":4},"1":{"name":"(anonymous_1)","decl":{"start":{"line":6,"column":22},"end":{"line":6,"column":23}},"loc":{"start":{"line":6,"column":30},"end":{"line":11,"column":5}},"line":6},"2":{"name":"(anonymous_2)","decl":{"start":{"line":8,"column":18},"end":{"line":8,"column":19}},"loc":{"start":{"line":8,"column":32},"end":{"line":10,"column":13}},"line":8}},"branchMap":{},"s":{"0":21,"1":21,"2":1,"3":1,"4":21},"f":{"0":21,"1":1,"2":1},"b":{},"_coverageSchema":"43e27e138ebf9cfc5966b082cf9a028302ed4184","hash":"87eb59f659e5b7aa90112db51bb673b7d8bdc07e"}
,"/home/ahmadzp/phase3/week1/firebase/react-challenge/client/src/redux/actions/categoryAction.js": {"path":"/home/ahmadzp/phase3/week1/firebase/react-challenge/client/src/redux/actions/categoryAction.js","statementMap":{"0":{"start":{"line":3,"column":17},"end":{"line":13,"column":1}},"1":{"start":{"line":4,"column":4},"end":{"line":12,"column":5}},"2":{"start":{"line":5,"column":8},"end":{"line":5,"column":52}},"3":{"start":{"line":6,"column":8},"end":{"line":11,"column":14}},"4":{"start":{"line":8,"column":16},"end":{"line":8,"column":61}},"5":{"start":{"line":9,"column":16},"end":{"line":9,"column":71}},"6":{"start":{"line":10,"column":16},"end":{"line":10,"column":61}}},"fnMap":{"0":{"name":"(anonymous_0)","decl":{"start":{"line":3,"column":17},"end":{"line":3,"column":18}},"loc":{"start":{"line":3,"column":28},"end":{"line":13,"column":1}},"line":3},"1":{"name":"(anonymous_1)","decl":{"start":{"line":4,"column":11},"end":{"line":4,"column":12}},"loc":{"start":{"line":4,"column":31},"end":{"line":12,"column":5}},"line":4},"2":{"name":"(anonymous_2)","decl":{"start":{"line":7,"column":18},"end":{"line":7,"column":19}},"loc":{"start":{"line":7,"column":32},"end":{"line":11,"column":13}},"line":7}},"branchMap":{},"s":{"0":1,"1":0,"2":0,"3":0,"4":0,"5":0,"6":0},"f":{"0":0,"1":0,"2":0},"b":{},"_coverageSchema":"43e27e138ebf9cfc5966b082cf9a028302ed4184","hash":"25dc6c7de24fdcdb8e45afddc98c31a0eaeb9846"}
,"/home/ahmadzp/phase3/week1/firebase/react-challenge/client/src/redux/actions/detaiHeroCardAction.js": {"path":"/home/ahmadzp/phase3/week1/firebase/react-challenge/client/src/redux/actions/detaiHeroCardAction.js","statementMap":{"0":{"start":{"line":3,"column":20},"end":{"line":10,"column":1}},"1":{"start":{"line":4,"column":4},"end":{"line":9,"column":5}},"2":{"start":{"line":5,"column":8},"end":{"line":8,"column":14}},"3":{"start":{"line":7,"column":16},"end":{"line":7,"column":64}}},"fnMap":{"0":{"name":"(anonymous_0)","decl":{"start":{"line":3,"column":20},"end":{"line":3,"column":21}},"loc":{"start":{"line":3,"column":28},"end":{"line":10,"column":1}},"line":3},"1":{"name":"(anonymous_1)","decl":{"start":{"line":4,"column":11},"end":{"line":4,"column":12}},"loc":{"start":{"line":4,"column":31},"end":{"line":9,"column":5}},"line":4},"2":{"name":"(anonymous_2)","decl":{"start":{"line":6,"column":18},"end":{"line":6,"column":19}},"loc":{"start":{"line":6,"column":32},"end":{"line":8,"column":13}},"line":6}},"branchMap":{},"s":{"0":1,"1":2,"2":2,"3":2},"f":{"0":2,"1":2,"2":2},"b":{},"_coverageSchema":"43e27e138ebf9cfc5966b082cf9a028302ed4184","hash":"cdd5f0b43d99737d47df6c480f5a88fffaced670"}
,"/home/ahmadzp/phase3/week1/firebase/react-challenge/client/src/redux/actions/getAllCard.js": {"path":"/home/ahmadzp/phase3/week1/firebase/react-challenge/client/src/redux/actions/getAllCard.js","statementMap":{"0":{"start":{"line":3,"column":17},"end":{"line":12,"column":1}},"1":{"start":{"line":4,"column":4},"end":{"line":11,"column":5}},"2":{"start":{"line":5,"column":8},"end":{"line":5,"column":52}},"3":{"start":{"line":6,"column":8},"end":{"line":10,"column":14}},"4":{"start":{"line":8,"column":16},"end":{"line":8,"column":61}},"5":{"start":{"line":9,"column":16},"end":{"line":9,"column":61}}},"fnMap":{"0":{"name":"(anonymous_0)","decl":{"start":{"line":3,"column":17},"end":{"line":3,"column":18}},"loc":{"start":{"line":3,"column":23},"end":{"line":12,"column":1}},"line":3},"1":{"name":"(anonymous_1)","decl":{"start":{"line":4,"column":11},"end":{"line":4,"column":12}},"loc":{"start":{"line":4,"column":31},"end":{"line":11,"column":5}},"line":4},"2":{"name":"(anonymous_2)","decl":{"start":{"line":7,"column":18},"end":{"line":7,"column":19}},"loc":{"start":{"line":7,"column":32},"end":{"line":10,"column":13}},"line":7}},"branchMap":{},"s":{"0":1,"1":5,"2":5,"3":5,"4":5,"5":5},"f":{"0":5,"1":5,"2":5},"b":{},"_coverageSchema":"43e27e138ebf9cfc5966b082cf9a028302ed4184","hash":"0cdc5c6407284fed44cea0db464bf2718799b18d"}
,"/home/ahmadzp/phase3/week1/firebase/react-challenge/client/src/views/DetailPage.jsx": {"path":"/home/ahmadzp/phase3/week1/firebase/react-challenge/client/src/views/DetailPage.jsx","statementMap":{"0":{"start":{"line":6,"column":4},"end":{"line":10,"column":5}}},"fnMap":{"0":{"name":"DetailPage","decl":{"start":{"line":5,"column":9},"end":{"line":5,"column":19}},"loc":{"start":{"line":5,"column":22},"end":{"line":11,"column":1}},"line":5}},"branchMap":{},"s":{"0":2},"f":{"0":2},"b":{},"_coverageSchema":"43e27e138ebf9cfc5966b082cf9a028302ed4184","hash":"ea8b87b4ea8125f907dc685cae0fe4e070d86f6a"}
,"/home/ahmadzp/phase3/week1/firebase/react-challenge/client/src/views/ErrorPage.jsx": {"path":"/home/ahmadzp/phase3/week1/firebase/react-challenge/client/src/views/ErrorPage.jsx","statementMap":{"0":{"start":{"line":6,"column":8},"end":{"line":17,"column":9}}},"fnMap":{"0":{"name":"(anonymous_0)","decl":{"start":{"line":5,"column":4},"end":{"line":5,"column":5}},"loc":{"start":{"line":5,"column":13},"end":{"line":18,"column":5}},"line":5}},"branchMap":{},"s":{"0":1},"f":{"0":1},"b":{},"_coverageSchema":"43e27e138ebf9cfc5966b082cf9a028302ed4184","hash":"041142ca7b3b3829b16925820d8fdcd85c7930fb"}
,"/home/ahmadzp/phase3/week1/firebase/react-challenge/client/src/views/FavoritePage.jsx": {"path":"/home/ahmadzp/phase3/week1/firebase/react-challenge/client/src/views/FavoritePage.jsx","statementMap":{"0":{"start":{"line":6,"column":4},"end":{"line":18,"column":5}}},"fnMap":{"0":{"name":"DetailPage","decl":{"start":{"line":5,"column":9},"end":{"line":5,"column":19}},"loc":{"start":{"line":5,"column":22},"end":{"line":19,"column":1}},"line":5}},"branchMap":{},"s":{"0":1},"f":{"0":1},"b":{},"_coverageSchema":"43e27e138ebf9cfc5966b082cf9a028302ed4184","hash":"3ac2aedeb7612fd182e878eba2752d5e28281e18"}
,"/home/ahmadzp/phase3/week1/firebase/react-challenge/client/src/views/HomePage.jsx": {"path":"/home/ahmadzp/phase3/week1/firebase/react-challenge/client/src/views/HomePage.jsx","statementMap":{"0":{"start":{"line":12,"column":21},"end":{"line":12,"column":34}},"1":{"start":{"line":14,"column":4},"end":{"line":16,"column":18}},"2":{"start":{"line":15,"column":8},"end":{"line":15,"column":30}},"3":{"start":{"line":18,"column":22},"end":{"line":18,"column":74}},"4":{"start":{"line":18,"column":45},"end":{"line":18,"column":73}},"5":{"start":{"line":19,"column":24},"end":{"line":19,"column":76}},"6":{"start":{"line":19,"column":47},"end":{"line":19,"column":75}},"7":{"start":{"line":20,"column":22},"end":{"line":20,"column":37}},"8":{"start":{"line":22,"column":23},"end":{"line":25,"column":5}},"9":{"start":{"line":23,"column":8},"end":{"line":23,"column":25}},"10":{"start":{"line":24,"column":8},"end":{"line":24,"column":33}},"11":{"start":{"line":28,"column":21},"end":{"line":33,"column":5}},"12":{"start":{"line":29,"column":8},"end":{"line":32,"column":10}},"13":{"start":{"line":35,"column":4},"end":{"line":57,"column":5}},"14":{"start":{"line":49,"column":76},"end":{"line":49,"column":86}}},"fnMap":{"0":{"name":"Home","decl":{"start":{"line":11,"column":9},"end":{"line":11,"column":13}},"loc":{"start":{"line":11,"column":21},"end":{"line":58,"column":1}},"line":11},"1":{"name":"(anonymous_1)","decl":{"start":{"line":14,"column":14},"end":{"line":14,"column":15}},"loc":{"start":{"line":14,"column":20},"end":{"line":16,"column":5}},"line":14},"2":{"name":"(anonymous_2)","decl":{"start":{"line":18,"column":34},"end":{"line":18,"column":35}},"loc":{"start":{"line":18,"column":45},"end":{"line":18,"column":73}},"line":18},"3":{"name":"(anonymous_3)","decl":{"start":{"line":19,"column":36},"end":{"line":19,"column":37}},"loc":{"start":{"line":19,"column":47},"end":{"line":19,"column":75}},"line":19},"4":{"name":"(anonymous_4)","decl":{"start":{"line":22,"column":23},"end":{"line":22,"column":24}},"loc":{"start":{"line":22,"column":35},"end":{"line":25,"column":5}},"line":22},"5":{"name":"(anonymous_5)","decl":{"start":{"line":28,"column":21},"end":{"line":28,"column":22}},"loc":{"start":{"line":28,"column":27},"end":{"line":33,"column":5}},"line":28},"6":{"name":"(anonymous_6)","decl":{"start":{"line":49,"column":70},"end":{"line":49,"column":71}},"loc":{"start":{"line":49,"column":76},"end":{"line":49,"column":86}},"line":49}},"branchMap":{"0":{"loc":{"start":{"line":38,"column":16},"end":{"line":54,"column":26}},"type":"cond-expr","locations":[{"start":{"line":39,"column":20},"end":{"line":39,"column":31}},{"start":{"line":41,"column":20},"end":{"line":54,"column":26}}],"line":38},"1":{"loc":{"start":{"line":45,"column":36},"end":{"line":46,"column":50}},"type":"binary-expr","locations":[{"start":{"line":45,"column":36},"end":{"line":45,"column":52}},{"start":{"line":46,"column":36},"end":{"line":46,"column":50}}],"line":45}},"s":{"0":21,"1":21,"2":4,"3":21,"4":45,"5":21,"6":45,"7":21,"8":21,"9":1,"10":1,"11":21,"12":1,"13":21,"14":1},"f":{"0":21,"1":4,"2":45,"3":45,"4":1,"5":1,"6":1},"b":{"0":[11,10],"1":[10,3]},"_coverageSchema":"43e27e138ebf9cfc5966b082cf9a028302ed4184","hash":"5dfefb213a6ea6d0083b8ec5476c62c6f46baae4"}
}
