TN:
SF:/home/ahmadzp/phase3/week1/firebase/react-challenge/client/src/components/DetailCard.jsx
FN:7,DetailCard
FN:8,(anonymous_1)
FNF:2
FNH:2
FNDA:4,DetailCard
FNDA:9,(anonymous_1)
DA:8,9
DA:9,4
LF:2
LH:2
BRDA:12,0,0,3
BRDA:12,0,1,1
BRF:2
BRH:2
end_of_record
TN:
SF:/home/ahmadzp/phase3/week1/firebase/react-challenge/client/src/components/ItemCardDeck.jsx
FN:6,(anonymous_0)
FN:13,(anonymous_1)
FNF:2
FNH:2
FNDA:9,(anonymous_0)
FNDA:1,(anonymous_1)
DA:7,9
DA:13,1
LF:2
LH:2
BRF:0
BRH:0
end_of_record
TN:
SF:/home/ahmadzp/phase3/week1/firebase/react-challenge/client/src/components/ListCardDeck.jsx
FN:5,ListCardDeck
FN:6,(anonymous_1)
FN:9,(anonymous_2)
FN:10,(anonymous_3)
FN:12,(anonymous_4)
FN:16,(anonymous_5)
FN:24,(anonymous_6)
FNF:7
FNH:5
FNDA:10,ListCardDeck
FNDA:28,(anonymous_1)
FNDA:9,(anonymous_2)
FNDA:0,(anonymous_3)
FNDA:0,(anonymous_4)
FNDA:9,(anonymous_5)
FNDA:9,(anonymous_6)
DA:6,28
DA:7,10
DA:9,10
DA:10,9
DA:11,0
DA:12,0
DA:15,9
DA:16,9
DA:17,9
DA:21,10
DA:25,9
LF:11
LH:9
BRDA:11,0,0,0
BRDA:11,0,1,0
BRDA:32,1,0,0
BRDA:32,1,1,10
BRF:4
BRH:1
end_of_record
TN:
SF:/home/ahmadzp/phase3/week1/firebase/react-challenge/client/src/components/Loading.jsx
FN:5,(anonymous_0)
FNF:1
FNH:1
FNDA:11,(anonymous_0)
DA:6,11
LF:1
LH:1
BRF:0
BRH:0
end_of_record
TN:
SF:/home/ahmadzp/phase3/week1/firebase/react-challenge/client/src/components/MyCardDetail.jsx
FN:10,MyCardDetail
FN:13,(anonymous_1)
FN:15,(anonymous_2)
FN:19,(anonymous_3)
FN:46,(anonymous_4)
FNF:5
FNH:5
FNDA:4,MyCardDetail
FNDA:9,(anonymous_1)
FNDA:2,(anonymous_2)
FNDA:1,(anonymous_3)
FNDA:1,(anonymous_4)
DA:11,4
DA:12,4
DA:13,9
DA:15,4
DA:16,2
DA:19,4
DA:20,1
DA:23,4
DA:46,1
LF:9
LH:9
BRDA:26,0,0,4
BRDA:26,0,1,0
BRF:2
BRH:1
end_of_record
TN:
SF:/home/ahmadzp/phase3/week1/firebase/react-challenge/client/src/components/MyFavoriteCard.jsx
FN:7,MyFavoriteCard
FN:9,(anonymous_1)
FN:11,(anonymous_2)
FN:18,(anonymous_3)
FN:28,(anonymous_4)
FNF:5
FNH:5
FNDA:2,MyFavoriteCard
FNDA:4,(anonymous_1)
FNDA:1,(anonymous_2)
FNDA:1,(anonymous_3)
FNDA:1,(anonymous_4)
DA:8,2
DA:9,4
DA:11,2
DA:12,1
DA:15,2
DA:19,1
DA:28,1
LF:7
LH:7
BRF:0
BRH:0
end_of_record
TN:
SF:/home/ahmadzp/phase3/week1/firebase/react-challenge/client/src/components/NavbarHome.jsx
FN:12,NavbarHome
FN:14,(anonymous_1)
FN:16,(anonymous_2)
FN:19,(anonymous_3)
FN:30,(anonymous_4)
FN:32,(anonymous_5)
FN:38,(anonymous_6)
FN:43,(anonymous_7)
FNF:8
FNH:5
FNDA:11,NavbarHome
FNDA:39,(anonymous_1)
FNDA:0,(anonymous_2)
FNDA:0,(anonymous_3)
FNDA:1,(anonymous_4)
FNDA:1,(anonymous_5)
FNDA:0,(anonymous_6)
FNDA:1,(anonymous_7)
DA:13,11
DA:14,39
DA:16,11
DA:17,0
DA:18,0
DA:19,0
DA:20,0
DA:22,0
DA:23,0
DA:24,0
DA:26,0
DA:30,11
DA:31,1
DA:33,1
DA:34,1
DA:38,11
DA:39,0
DA:40,0
DA:43,11
DA:44,1
DA:47,11
LF:21
LH:11
BRDA:17,0,0,0
BRDA:17,0,1,0
BRF:2
BRH:0
end_of_record
TN:
SF:/home/ahmadzp/phase3/week1/firebase/react-challenge/client/src/hooks/useDetailCard.jsx
FN:4,useDetailCard
FN:6,(anonymous_1)
FN:8,(anonymous_2)
FNF:3
FNH:3
FNDA:21,useDetailCard
FNDA:1,(anonymous_1)
FNDA:1,(anonymous_2)
DA:5,21
DA:6,21
DA:7,1
DA:9,1
DA:12,21
LF:5
LH:5
BRF:0
BRH:0
end_of_record
TN:
SF:/home/ahmadzp/phase3/week1/firebase/react-challenge/client/src/redux/actions/categoryAction.js
FN:3,(anonymous_0)
FN:4,(anonymous_1)
FN:7,(anonymous_2)
FNF:3
FNH:0
FNDA:0,(anonymous_0)
FNDA:0,(anonymous_1)
FNDA:0,(anonymous_2)
DA:3,1
DA:4,0
DA:5,0
DA:6,0
DA:8,0
DA:9,0
DA:10,0
LF:7
LH:1
BRF:0
BRH:0
end_of_record
TN:
SF:/home/ahmadzp/phase3/week1/firebase/react-challenge/client/src/redux/actions/detaiHeroCardAction.js
FN:3,(anonymous_0)
FN:4,(anonymous_1)
FN:6,(anonymous_2)
FNF:3
FNH:3
FNDA:2,(anonymous_0)
FNDA:2,(anonymous_1)
FNDA:2,(anonymous_2)
DA:3,1
DA:4,2
DA:5,2
DA:7,2
LF:4
LH:4
BRF:0
BRH:0
end_of_record
TN:
SF:/home/ahmadzp/phase3/week1/firebase/react-challenge/client/src/redux/actions/getAllCard.js
FN:3,(anonymous_0)
FN:4,(anonymous_1)
FN:7,(anonymous_2)
FNF:3
FNH:3
FNDA:5,(anonymous_0)
FNDA:5,(anonymous_1)
FNDA:5,(anonymous_2)
DA:3,1
DA:4,5
DA:5,5
DA:6,5
DA:8,5
DA:9,5
LF:6
LH:6
BRF:0
BRH:0
end_of_record
TN:
SF:/home/ahmadzp/phase3/week1/firebase/react-challenge/client/src/views/DetailPage.jsx
FN:5,DetailPage
FNF:1
FNH:1
FNDA:2,DetailPage
DA:6,2
LF:1
LH:1
BRF:0
BRH:0
end_of_record
TN:
SF:/home/ahmadzp/phase3/week1/firebase/react-challenge/client/src/views/ErrorPage.jsx
FN:5,(anonymous_0)
FNF:1
FNH:1
FNDA:1,(anonymous_0)
DA:6,1
LF:1
LH:1
BRF:0
BRH:0
end_of_record
TN:
SF:/home/ahmadzp/phase3/week1/firebase/react-challenge/client/src/views/FavoritePage.jsx
FN:5,DetailPage
FNF:1
FNH:1
FNDA:1,DetailPage
DA:6,1
LF:1
LH:1
BRF:0
BRH:0
end_of_record
TN:
SF:/home/ahmadzp/phase3/week1/firebase/react-challenge/client/src/views/HomePage.jsx
FN:11,Home
FN:14,(anonymous_1)
FN:18,(anonymous_2)
FN:19,(anonymous_3)
FN:22,(anonymous_4)
FN:28,(anonymous_5)
FN:49,(anonymous_6)
FNF:7
FNH:7
FNDA:21,Home
FNDA:4,(anonymous_1)
FNDA:45,(anonymous_2)
FNDA:45,(anonymous_3)
FNDA:1,(anonymous_4)
FNDA:1,(anonymous_5)
FNDA:1,(anonymous_6)
DA:12,21
DA:14,21
DA:15,4
DA:18,45
DA:19,45
DA:20,21
DA:22,21
DA:23,1
DA:24,1
DA:28,21
DA:29,1
DA:35,21
DA:49,1
LF:13
LH:13
BRDA:38,0,0,11
BRDA:38,0,1,10
BRDA:45,1,0,10
BRDA:45,1,1,3
BRF:4
BRH:4
end_of_record
